Using pre-set license
Built from '2020.3/staging' branch; Version is '2020.3.6f1 (338bb68529b2) revision 3378102'; Using compiler version '192528614'; Build Type 'Release'
OS: 'Windows 10 Home; OS build 19042.928; Version 2009; 64bit' Language: 'de' Physical Memory: 16303 MB
BatchMode: 1, IsHumanControllingUs: 0, StartBugReporterOnCrash: 0, Is64bit: 1, IsPro: 0

 COMMAND LINE ARGUMENTS:
D:\Unity\2020.3.6f1\Editor\Unity.exe
-adb2
-batchMode
-noUpm
-name
AssetImportWorker0
-projectPath
D:/MarvelousMashup/team16/MarverlousMashupTeam16
-logFile
Logs/AssetImportWorker0.log
-srvPort
26817
Successfully changed project path to: D:/MarvelousMashup/team16/MarverlousMashupTeam16
D:/MarvelousMashup/team16/MarverlousMashupTeam16
Using Asset Import Pipeline V2.
Refreshing native plugins compatible for Editor in 83.26 ms, found 0 plugins.
Preloading 0 native plugins for Editor in 0.00 ms.
Initialize engine version: 2020.3.6f1 (338bb68529b2)
[Subsystems] Discovering subsystems at path D:/Unity/2020.3.6f1/Editor/Data/Resources/UnitySubsystems
[Subsystems] Discovering subsystems at path D:/MarvelousMashup/team16/MarverlousMashupTeam16/Assets
GfxDevice: creating device client; threaded=0
Direct3D:
    Version:  Direct3D 11.0 [level 11.1]
    Renderer: NVIDIA GeForce GTX 1050 (ID=0x1c8d)
    Vendor:   
    VRAM:     4021 MB
    Driver:   25.21.14.1972
Initialize mono
Mono path[0] = 'D:/Unity/2020.3.6f1/Editor/Data/Managed'
Mono path[1] = 'D:/Unity/2020.3.6f1/Editor/Data/MonoBleedingEdge/lib/mono/unityjit'
Mono config path = 'D:/Unity/2020.3.6f1/Editor/Data/MonoBleedingEdge/etc'
Using monoOptions --debugger-agent=transport=dt_socket,embedding=1,server=y,suspend=n,address=127.0.0.1:56000
Begin MonoManager ReloadAssembly
Registering precompiled unity dll's ...
Register platform support module: D:/Unity/2020.3.6f1/Editor/Data/PlaybackEngines/WindowsStandaloneSupport/UnityEditor.WindowsStandalone.Extensions.dll
Registered in 0.005900 seconds.
Native extension for WindowsStandalone target not found
Refreshing native plugins compatible for Editor in 30.77 ms, found 0 plugins.
Preloading 0 native plugins for Editor in 0.00 ms.
Mono: successfully reloaded assembly
- Completed reload, in  2.268 seconds
Platform modules already initialized, skipping
Registering precompiled user dll's ...
Registered in 0.000600 seconds.
Begin MonoManager ReloadAssembly
Native extension for WindowsStandalone target not found
Refreshing native plugins compatible for Editor in 1.07 ms, found 0 plugins.
Preloading 0 native plugins for Editor in 0.00 ms.
Mono: successfully reloaded assembly
- Completed reload, in  2.224 seconds
Platform modules already initialized, skipping
========================================================================
Worker process is ready to serve import requests
Launched and connected shader compiler UnityShaderCompiler.exe after 0.15 seconds
Refreshing native plugins compatible for Editor in 1.87 ms, found 0 plugins.
Preloading 0 native plugins for Editor in 0.00 ms.
Unloading 1115 Unused Serialized files (Serialized files now loaded: 0)
System memory in use before: 57.0 MB.
System memory in use after: 57.1 MB.

Unloading 10 unused Assets to reduce memory usage. Loaded Objects now: 1557.
Total: 2.084800 ms (FindLiveObjects: 0.153400 ms CreateObjectMapping: 0.047100 ms MarkObjects: 1.766700 ms  DeleteObjects: 0.116500 ms)

========================================================================
Received Import Request.
  path: Assets/Scripts
  artifactKey: Guid(8a2d643f20a032840a0291624a6825ae) Importer(815301076,1909f56bfc062723c751e8b465ee728b)
Start importing Assets/Scripts using Guid(8a2d643f20a032840a0291624a6825ae) Importer(815301076,1909f56bfc062723c751e8b465ee728b)  -> (artifact id: '2ac377b5bc45f96b7bc6827944a82e38') in 0.013872 seconds
  Import took 0.017897 seconds .

========================================================================
Received Import Request.
  Time since last request: 0.021576 seconds.
  path: Assets/Scripts
  artifactKey: Guid(8a2d643f20a032840a0291624a6825ae) Importer(815301076,1909f56bfc062723c751e8b465ee728b)
Start importing Assets/Scripts using Guid(8a2d643f20a032840a0291624a6825ae) Importer(815301076,1909f56bfc062723c751e8b465ee728b)  -> (artifact id: '2ac377b5bc45f96b7bc6827944a82e38') in 0.006000 seconds
  Import took 0.022680 seconds .

========================================================================
Received Import Request.
  Time since last request: 0.759841 seconds.
  path: Assets
  artifactKey: Guid(00000000000000001000000000000000) Importer(815301076,1909f56bfc062723c751e8b465ee728b)
Start importing Assets using Guid(00000000000000001000000000000000) Importer(815301076,1909f56bfc062723c751e8b465ee728b)  -> (artifact id: '2c602d4445bd9e0e517b9a7c882a2249') in 0.008916 seconds
  Import took 0.011544 seconds .

========================================================================
Received Import Request.
  Time since last request: 5.853768 seconds.
  path: Assets/Assets
  artifactKey: Guid(93aa656a398bf704f8de470681fe54ce) Importer(815301076,1909f56bfc062723c751e8b465ee728b)
Start importing Assets/Assets using Guid(93aa656a398bf704f8de470681fe54ce) Importer(815301076,1909f56bfc062723c751e8b465ee728b)  -> (artifact id: '3ec10e0d119149546529fc7055bf6f23') in 0.023840 seconds
  Import took 0.032870 seconds .

========================================================================
Received Import Request.
  Time since last request: 4.869175 seconds.
  path: Assets/Fonts
  artifactKey: Guid(0443217722516c14ea048def3bfb1436) Importer(815301076,1909f56bfc062723c751e8b465ee728b)
Start importing Assets/Fonts using Guid(0443217722516c14ea048def3bfb1436) Importer(815301076,1909f56bfc062723c751e8b465ee728b)  -> (artifact id: '7b2af92a80781f192be3b74f48ab2c22') in 0.054284 seconds
  Import took 0.064422 seconds .

========================================================================
Received Import Request.
  Time since last request: 6.233021 seconds.
  path: Assets/Prefabs
  artifactKey: Guid(8661a0eb0ee10034ab3618c1dda2728e) Importer(815301076,1909f56bfc062723c751e8b465ee728b)
Start importing Assets/Prefabs using Guid(8661a0eb0ee10034ab3618c1dda2728e) Importer(815301076,1909f56bfc062723c751e8b465ee728b)  -> (artifact id: '1a6fd35753a8aa91f4b0d3aa719a4597') in 0.026668 seconds
  Import took 0.034365 seconds .

========================================================================
Received Import Request.
  Time since last request: 0.004695 seconds.
  path: Assets/Prefabs
  artifactKey: Guid(8661a0eb0ee10034ab3618c1dda2728e) Importer(815301076,1909f56bfc062723c751e8b465ee728b)
Start importing Assets/Prefabs using Guid(8661a0eb0ee10034ab3618c1dda2728e) Importer(815301076,1909f56bfc062723c751e8b465ee728b)  -> (artifact id: '1a6fd35753a8aa91f4b0d3aa719a4597') in 0.003045 seconds
  Import took 0.007136 seconds .

========================================================================
Received Import Request.
  Time since last request: 7.523142 seconds.
  path: Assets/Shader
  artifactKey: Guid(ac4248661911ebc4483e766597a9d95c) Importer(815301076,1909f56bfc062723c751e8b465ee728b)
Start importing Assets/Shader using Guid(ac4248661911ebc4483e766597a9d95c) Importer(815301076,1909f56bfc062723c751e8b465ee728b)  -> (artifact id: 'cbb83507f80a51b139daa608027652ca') in 0.016851 seconds
  Import took 0.024254 seconds .

========================================================================
Received Import Request.
  Time since last request: 0.078284 seconds.
  path: Assets/Shader
  artifactKey: Guid(ac4248661911ebc4483e766597a9d95c) Importer(815301076,1909f56bfc062723c751e8b465ee728b)
Start importing Assets/Shader using Guid(ac4248661911ebc4483e766597a9d95c) Importer(815301076,1909f56bfc062723c751e8b465ee728b)  -> (artifact id: 'cbb83507f80a51b139daa608027652ca') in 0.011247 seconds
  Import took 0.025160 seconds .

========================================================================
Received Import Request.
  Time since last request: 435.702677 seconds.
  path: Assets/Scripts/JoinGameClickHandler.cs
  artifactKey: Guid(8dc230c40a9bc044aa59fa68726bfce6) Importer(815301076,1909f56bfc062723c751e8b465ee728b)
Start importing Assets/Scripts/JoinGameClickHandler.cs using Guid(8dc230c40a9bc044aa59fa68726bfce6) Importer(815301076,1909f56bfc062723c751e8b465ee728b)  -> (artifact id: '3bebd7a8b9f896c8e64461e9b5d2b9cd') in 0.049566 seconds
  Import took 0.052574 seconds .

========================================================================
Received Prepare
Registering precompiled user dll's ...
Registered in 0.000752 seconds.
Begin MonoManager ReloadAssembly
Native extension for WindowsStandalone target not found
Refreshing native plugins compatible for Editor in 0.27 ms, found 0 plugins.
Preloading 0 native plugins for Editor in 0.00 ms.
Mono: successfully reloaded assembly
- Completed reload, in  0.925 seconds
Platform modules already initialized, skipping
Refreshing native plugins compatible for Editor in 0.23 ms, found 0 plugins.
Preloading 0 native plugins for Editor in 0.00 ms.
Unloading 1111 Unused Serialized files (Serialized files now loaded: 0)
System memory in use before: 57.0 MB.
System memory in use after: 57.1 MB.

Unloading 5 unused Assets to reduce memory usage. Loaded Objects now: 1561.
Total: 2.679200 ms (FindLiveObjects: 0.236100 ms CreateObjectMapping: 0.075900 ms MarkObjects: 2.252800 ms  DeleteObjects: 0.113300 ms)

========================================================================
Received Prepare
Registering precompiled user dll's ...
Registered in 0.000558 seconds.
Begin MonoManager ReloadAssembly
Native extension for WindowsStandalone target not found
Refreshing native plugins compatible for Editor in 0.21 ms, found 0 plugins.
Preloading 0 native plugins for Editor in 0.00 ms.
Mono: successfully reloaded assembly
- Completed reload, in  0.981 seconds
Platform modules already initialized, skipping
Refreshing native plugins compatible for Editor in 0.22 ms, found 0 plugins.
Preloading 0 native plugins for Editor in 0.00 ms.
Unloading 1111 Unused Serialized files (Serialized files now loaded: 0)
System memory in use before: 57.0 MB.
System memory in use after: 57.1 MB.

Unloading 5 unused Assets to reduce memory usage. Loaded Objects now: 1564.
Total: 2.049000 ms (FindLiveObjects: 0.176000 ms CreateObjectMapping: 0.043700 ms MarkObjects: 1.729200 ms  DeleteObjects: 0.097800 ms)

========================================================================
Received Import Request.
  Time since last request: 108.983342 seconds.
  path: Assets/Scripts/JoinGameClickHandler.cs
  artifactKey: Guid(8dc230c40a9bc044aa59fa68726bfce6) Importer(815301076,1909f56bfc062723c751e8b465ee728b)
Start importing Assets/Scripts/JoinGameClickHandler.cs using Guid(8dc230c40a9bc044aa59fa68726bfce6) Importer(815301076,1909f56bfc062723c751e8b465ee728b)  -> (artifact id: '1ece2af9e17fcaf2a53a234ec6291f8a') in 0.004483 seconds
  Import took 0.006698 seconds .

========================================================================
Received Prepare
Registering precompiled user dll's ...
Registered in 0.000633 seconds.
Begin MonoManager ReloadAssembly
Native extension for WindowsStandalone target not found
Refreshing native plugins compatible for Editor in 0.33 ms, found 0 plugins.
Preloading 0 native plugins for Editor in 0.00 ms.
Mono: successfully reloaded assembly
- Completed reload, in  0.932 seconds
Platform modules already initialized, skipping
Refreshing native plugins compatible for Editor in 0.23 ms, found 0 plugins.
Preloading 0 native plugins for Editor in 0.00 ms.
Unloading 1111 Unused Serialized files (Serialized files now loaded: 0)
System memory in use before: 57.0 MB.
System memory in use after: 57.1 MB.

Unloading 5 unused Assets to reduce memory usage. Loaded Objects now: 1567.
Total: 2.139400 ms (FindLiveObjects: 0.235700 ms CreateObjectMapping: 0.075300 ms MarkObjects: 1.768800 ms  DeleteObjects: 0.058200 ms)

AssetImportWorkerClient::OnTransportError - code=2 error=End of file
